# JRE version: OpenJDK Runtime Environment (11.0.8) (build 11.0.8+0-b944-P17168821)
# Java VM: OpenJDK 64-Bit Server VM (11.0.8+0-b944-6842174, mixed mode, tiered, compressed oops, g1 gc, linux-amd64)
Heap:
 garbage-first heap   total 262144K, used 39591K [0x00000000e0000000, 0x0000000100000000)
  region size 1024K, 28 young (28672K), 3 survivors (3072K)
 Metaspace       used 23392K, capacity 23899K, committed 24192K, reserved 276480K
  class space    used 2983K, capacity 3166K, committed 3200K, reserved 253952K
GC Heap History (8 events):
Event: 0,337 GC heap before
{Heap before GC invocations=0 (full 0):
 garbage-first heap   total 262144K, used 19456K [0x00000000e0000000, 0x0000000100000000)
  region size 1024K, 14 young (14336K), 0 survivors (0K)
 Metaspace       used 7423K, capacity 7615K, committed 7680K, reserved 262144K
  class space    used 689K, capacity 748K, committed 768K, reserved 253952K
}
Event: 0,341 GC heap after
{Heap after GC invocations=1 (full 0):
 garbage-first heap   total 262144K, used 7756K [0x00000000e0000000, 0x0000000100000000)
  region size 1024K, 2 young (2048K), 2 survivors (2048K)
 Metaspace       used 7423K, capacity 7615K, committed 7680K, reserved 262144K
  class space    used 689K, capacity 748K, committed 768K, reserved 253952K
}
Event: 0,620 GC heap before
{Heap before GC invocations=1 (full 0):
 garbage-first heap   total 262144K, used 20044K [0x00000000e0000000, 0x0000000100000000)
  region size 1024K, 14 young (14336K), 2 survivors (2048K)
 Metaspace       used 10311K, capacity 10516K, committed 10752K, reserved 264192K
  class space    used 1096K, capacity 1164K, committed 1280K, reserved 253952K
}
Event: 0,623 GC heap after
{Heap after GC invocations=2 (full 0):
 garbage-first heap   total 262144K, used 8576K [0x00000000e0000000, 0x0000000100000000)
  region size 1024K, 1 young (1024K), 1 survivors (1024K)
 Metaspace       used 10311K, capacity 10516K, committed 10752K, reserved 264192K
  class space    used 1096K, capacity 1164K, committed 1280K, reserved 253952K
}
Event: 1,631 GC heap before
{Heap before GC invocations=2 (full 0):
 garbage-first heap   total 262144K, used 39296K [0x00000000e0000000, 0x0000000100000000)
  region size 1024K, 32 young (32768K), 1 survivors (1024K)
 Metaspace       used 11004K, capacity 11245K, committed 11392K, reserved 264192K
  class space    used 1211K, capacity 1300K, committed 1408K, reserved 253952K
}
Event: 1,636 GC heap after
{Heap after GC invocations=3 (full 0):
 garbage-first heap   total 262144K, used 13140K [0x00000000e0000000, 0x0000000100000000)
  region size 1024K, 4 young (4096K), 4 survivors (4096K)
 Metaspace       used 11004K, capacity 11245K, committed 11392K, reserved 264192K
  class space    used 1211K, capacity 1300K, committed 1408K, reserved 253952K
}
Event: 2,833 GC heap before
{Heap before GC invocations=3 (full 0):
 garbage-first heap   total 262144K, used 57172K [0x00000000e0000000, 0x0000000100000000)
  region size 1024K, 48 young (49152K), 4 survivors (4096K)
 Metaspace       used 20583K, capacity 21021K, committed 21248K, reserved 272384K
  class space    used 2560K, capacity 2716K, committed 2816K, reserved 253952K
}
Event: 2,839 GC heap after
{Heap after GC invocations=4 (full 0):
 garbage-first heap   total 262144K, used 16039K [0x00000000e0000000, 0x0000000100000000)
  region size 1024K, 3 young (3072K), 3 survivors (3072K)
 Metaspace       used 20583K, capacity 21021K, committed 21248K, reserved 272384K
  class space    used 2560K, capacity 2716K, committed 2816K, reserved 253952K
}

